qt.qpa.plugin: Could not find the Qt platform plugin "wayland" in ""
[1;33mWarning [Utils.cc:132][0m [/sdf/world[@name="test"]/model[@name="vehicle_blue"]/pose[@frame=""]:/home/plume/Desktop/test.sdf:L181]: XML Attribute[frame] in element[pose] not defined in SDF.
[1;33mWarning [Utils.cc:132][0m [/sdf/world[@name="test"]/model[@name="vehicle_blue"]/link[@name="base_link"]/pose[@frame=""]:/home/plume/Desktop/test.sdf:L183]: XML Attribute[frame] in element[pose] not defined in SDF.
[1;33mWarning [Utils.cc:132][0m [/sdf/world[@name="test"]/model[@name="vehicle_blue"]/link[@name="base_link"]/inertial/pose[@frame=""]:/home/plume/Desktop/test.sdf:L185]: XML Attribute[frame] in element[pose] not defined in SDF.
[1;33mWarning [Utils.cc:132][0m [/sdf/world[@name="test"]/model[@name="vehicle_blue"]/link[@name="base_link"]/collision[@name="base_link_collision"]/pose[@frame=""]:/home/plume/Desktop/test.sdf:L197]: XML Attribute[frame] in element[pose] not defined in SDF.
[1;33mWarning [Utils.cc:132][0m [/sdf/world[@name="test"]/model[@name="vehicle_blue"]/link[@name="base_link"]/visual[@name="base_link_visual"]/pose[@frame=""]:/home/plume/Desktop/test.sdf:L205]: XML Attribute[frame] in element[pose] not defined in SDF.
[1;33mWarning [Utils.cc:132][0m [/sdf/world[@name="test"]/model[@name="vehicle_blue"]/link[@name="left_track"]/pose[@frame=""]:/home/plume/Desktop/test.sdf:L228]: XML Attribute[frame] in element[pose] not defined in SDF.
[1;33mWarning [Utils.cc:132][0m [/sdf/world[@name="test"]/model[@name="vehicle_blue"]/link[@name="left_track"]/collision[@name="left_track_collision"]/pose[@frame=""]:/home/plume/Desktop/test.sdf:L241]: XML Attribute[frame] in element[pose] not defined in SDF.
[1;33mWarning [Utils.cc:132][0m [/sdf/world[@name="test"]/model[@name="vehicle_blue"]/link[@name="left_track_wheel1"]/pose[@frame=""]:/home/plume/Desktop/test.sdf:L254]: XML Attribute[frame] in element[pose] not defined in SDF.
[1;33mWarning [Utils.cc:132][0m [/sdf/world[@name="test"]/model[@name="vehicle_blue"]/link[@name="left_track_wheel1"]/collision[@name="left_track_wheel1_collision"]/pose[@frame=""]:/home/plume/Desktop/test.sdf:L267]: XML Attribute[frame] in element[pose] not defined in SDF.
[1;33mWarning [Utils.cc:132][0m [/sdf/world[@name="test"]/model[@name="vehicle_blue"]/link[@name="left_track_wheel1"]/visual[@name="left_track_wheel1_visual"]/pose[@frame=""]:/home/plume/Desktop/test.sdf:L287]: XML Attribute[frame] in element[pose] not defined in SDF.
[1;33mWarning [Utils.cc:132][0m [/sdf/world[@name="test"]/model[@name="vehicle_blue"]/link[@name="left_track_wheel2"]/pose[@frame=""]:/home/plume/Desktop/test.sdf:L308]: XML Attribute[frame] in element[pose] not defined in SDF.
[1;33mWarning [Utils.cc:132][0m [/sdf/world[@name="test"]/model[@name="vehicle_blue"]/link[@name="left_track_wheel2"]/collision[@name="left_track_wheel2_collision"]/pose[@frame=""]:/home/plume/Desktop/test.sdf:L321]: XML Attribute[frame] in element[pose] not defined in SDF.
[1;33mWarning [Utils.cc:132][0m [/sdf/world[@name="test"]/model[@name="vehicle_blue"]/link[@name="left_track_wheel2"]/visual[@name="left_track_wheel2_visual"]/pose[@frame=""]:/home/plume/Desktop/test.sdf:L341]: XML Attribute[frame] in element[pose] not defined in SDF.
[1;33mWarning [Utils.cc:132][0m [/sdf/world[@name="test"]/model[@name="vehicle_blue"]/link[@name="left_track_wheel3"]/pose[@frame=""]:/home/plume/Desktop/test.sdf:L362]: XML Attribute[frame] in element[pose] not defined in SDF.
[1;33mWarning [Utils.cc:132][0m [/sdf/world[@name="test"]/model[@name="vehicle_blue"]/link[@name="left_track_wheel3"]/collision[@name="left_track_wheel3_collision"]/pose[@frame=""]:/home/plume/Desktop/test.sdf:L375]: XML Attribute[frame] in element[pose] not defined in SDF.
[1;33mWarning [Utils.cc:132][0m [/sdf/world[@name="test"]/model[@name="vehicle_blue"]/link[@name="left_track_wheel3"]/visual[@name="left_track_wheel3_visual"]/pose[@frame=""]:/home/plume/Desktop/test.sdf:L395]: XML Attribute[frame] in element[pose] not defined in SDF.
[1;33mWarning [Utils.cc:132][0m [/sdf/world[@name="test"]/model[@name="vehicle_blue"]/link[@name="left_track_wheel4"]/pose[@frame=""]:/home/plume/Desktop/test.sdf:L416]: XML Attribute[frame] in element[pose] not defined in SDF.
[1;33mWarning [Utils.cc:132][0m [/sdf/world[@name="test"]/model[@name="vehicle_blue"]/link[@name="left_track_wheel4"]/collision[@name="left_track_wheel4_collision"]/pose[@frame=""]:/home/plume/Desktop/test.sdf:L429]: XML Attribute[frame] in element[pose] not defined in SDF.
[1;33mWarning [Utils.cc:132][0m [/sdf/world[@name="test"]/model[@name="vehicle_blue"]/link[@name="left_track_wheel4"]/visual[@name="left_track_wheel4_visual"]/pose[@frame=""]:/home/plume/Desktop/test.sdf:L449]: XML Attribute[frame] in element[pose] not defined in SDF.
[1;33mWarning [Utils.cc:132][0m [/sdf/world[@name="test"]/model[@name="vehicle_blue"]/link[@name="left_track_wheel5"]/pose[@frame=""]:/home/plume/Desktop/test.sdf:L470]: XML Attribute[frame] in element[pose] not defined in SDF.
[1;33mWarning [Utils.cc:132][0m [/sdf/world[@name="test"]/model[@name="vehicle_blue"]/link[@name="left_track_wheel5"]/collision[@name="left_track_wheel5_collision"]/pose[@frame=""]:/home/plume/Desktop/test.sdf:L483]: XML Attribute[frame] in element[pose] not defined in SDF.
[1;33mWarning [Utils.cc:132][0m [/sdf/world[@name="test"]/model[@name="vehicle_blue"]/link[@name="left_track_wheel5"]/visual[@name="left_track_wheel5_visual"]/pose[@frame=""]:/home/plume/Desktop/test.sdf:L503]: XML Attribute[frame] in element[pose] not defined in SDF.
[1;33mWarning [Utils.cc:132][0m [/sdf/world[@name="test"]/model[@name="vehicle_blue"]/link[@name="left_track_wheel6"]/pose[@frame=""]:/home/plume/Desktop/test.sdf:L524]: XML Attribute[frame] in element[pose] not defined in SDF.
[1;33mWarning [Utils.cc:132][0m [/sdf/world[@name="test"]/model[@name="vehicle_blue"]/link[@name="left_track_wheel6"]/collision[@name="left_track_wheel6_collision"]/pose[@frame=""]:/home/plume/Desktop/test.sdf:L537]: XML Attribute[frame] in element[pose] not defined in SDF.
[1;33mWarning [Utils.cc:132][0m [/sdf/world[@name="test"]/model[@name="vehicle_blue"]/link[@name="left_track_wheel6"]/visual[@name="left_track_wheel6_visual"]/pose[@frame=""]:/home/plume/Desktop/test.sdf:L557]: XML Attribute[frame] in element[pose] not defined in SDF.
[1;33mWarning [Utils.cc:132][0m [/sdf/world[@name="test"]/model[@name="vehicle_blue"]/link[@name="left_track_wheel7"]/pose[@frame=""]:/home/plume/Desktop/test.sdf:L581]: XML Attribute[frame] in element[pose] not defined in SDF.
[1;33mWarning [Utils.cc:132][0m [/sdf/world[@name="test"]/model[@name="vehicle_blue"]/link[@name="left_track_wheel7"]/collision[@name="left_track_wheel7_collision"]/pose[@frame=""]:/home/plume/Desktop/test.sdf:L594]: XML Attribute[frame] in element[pose] not defined in SDF.
[1;33mWarning [Utils.cc:132][0m [/sdf/world[@name="test"]/model[@name="vehicle_blue"]/link[@name="left_track_wheel7"]/visual[@name="left_track_wheel7_visual"]/pose[@frame=""]:/home/plume/Desktop/test.sdf:L614]: XML Attribute[frame] in element[pose] not defined in SDF.
[1;33mWarning [Utils.cc:132][0m [/sdf/world[@name="test"]/model[@name="vehicle_blue"]/link[@name="left_track_wheel8"]/pose[@frame=""]:/home/plume/Desktop/test.sdf:L635]: XML Attribute[frame] in element[pose] not defined in SDF.
[1;33mWarning [Utils.cc:132][0m [/sdf/world[@name="test"]/model[@name="vehicle_blue"]/link[@name="left_track_wheel8"]/collision[@name="left_track_wheel8_collision"]/pose[@frame=""]:/home/plume/Desktop/test.sdf:L648]: XML Attribute[frame] in element[pose] not defined in SDF.
[1;33mWarning [Utils.cc:132][0m [/sdf/world[@name="test"]/model[@name="vehicle_blue"]/link[@name="left_track_wheel8"]/visual[@name="left_track_wheel8_visual"]/pose[@frame=""]:/home/plume/Desktop/test.sdf:L668]: XML Attribute[frame] in element[pose] not defined in SDF.
[1;33mWarning [Utils.cc:132][0m [/sdf/world[@name="test"]/model[@name="vehicle_blue"]/link[@name="right_track"]/pose[@frame=""]:/home/plume/Desktop/test.sdf:L690]: XML Attribute[frame] in element[pose] not defined in SDF.
[1;33mWarning [Utils.cc:132][0m [/sdf/world[@name="test"]/model[@name="vehicle_blue"]/link[@name="right_track"]/collision[@name="right_track_collision"]/pose[@frame=""]:/home/plume/Desktop/test.sdf:L703]: XML Attribute[frame] in element[pose] not defined in SDF.
[1;33mWarning [Utils.cc:132][0m [/sdf/world[@name="test"]/model[@name="vehicle_blue"]/link[@name="right_track_wheel1"]/pose[@frame=""]:/home/plume/Desktop/test.sdf:L717]: XML Attribute[frame] in element[pose] not defined in SDF.
[1;33mWarning [Utils.cc:132][0m [/sdf/world[@name="test"]/model[@name="vehicle_blue"]/link[@name="right_track_wheel1"]/collision[@name="right_track_wheel1_collision"]/pose[@frame=""]:/home/plume/Desktop/test.sdf:L730]: XML Attribute[frame] in element[pose] not defined in SDF.
[1;33mWarning [Utils.cc:132][0m [/sdf/world[@name="test"]/model[@name="vehicle_blue"]/link[@name="right_track_wheel1"]/visual[@name="right_track_wheel1_visual"]/pose[@frame=""]:/home/plume/Desktop/test.sdf:L750]: XML Attribute[frame] in element[pose] not defined in SDF.
[1;33mWarning [Utils.cc:132][0m [/sdf/world[@name="test"]/model[@name="vehicle_blue"]/link[@name="right_track_wheel2"]/pose[@frame=""]:/home/plume/Desktop/test.sdf:L771]: XML Attribute[frame] in element[pose] not defined in SDF.
[1;33mWarning [Utils.cc:132][0m [/sdf/world[@name="test"]/model[@name="vehicle_blue"]/link[@name="right_track_wheel2"]/collision[@name="right_track_wheel2_collision"]/pose[@frame=""]:/home/plume/Desktop/test.sdf:L784]: XML Attribute[frame] in element[pose] not defined in SDF.
[1;33mWarning [Utils.cc:132][0m [/sdf/world[@name="test"]/model[@name="vehicle_blue"]/link[@name="right_track_wheel2"]/visual[@name="right_track_wheel2_visual"]/pose[@frame=""]:/home/plume/Desktop/test.sdf:L804]: XML Attribute[frame] in element[pose] not defined in SDF.
[1;33mWarning [Utils.cc:132][0m [/sdf/world[@name="test"]/model[@name="vehicle_blue"]/link[@name="right_track_wheel3"]/pose[@frame=""]:/home/plume/Desktop/test.sdf:L825]: XML Attribute[frame] in element[pose] not defined in SDF.
[1;33mWarning [Utils.cc:132][0m [/sdf/world[@name="test"]/model[@name="vehicle_blue"]/link[@name="right_track_wheel3"]/collision[@name="right_track_wheel3_collision"]/pose[@frame=""]:/home/plume/Desktop/test.sdf:L838]: XML Attribute[frame] in element[pose] not defined in SDF.
[1;33mWarning [Utils.cc:132][0m [/sdf/world[@name="test"]/model[@name="vehicle_blue"]/link[@name="right_track_wheel3"]/visual[@name="right_track_wheel3_visual"]/pose[@frame=""]:/home/plume/Desktop/test.sdf:L858]: XML Attribute[frame] in element[pose] not defined in SDF.
[1;33mWarning [Utils.cc:132][0m [/sdf/world[@name="test"]/model[@name="vehicle_blue"]/link[@name="right_track_wheel4"]/pose[@frame=""]:/home/plume/Desktop/test.sdf:L879]: XML Attribute[frame] in element[pose] not defined in SDF.
[1;33mWarning [Utils.cc:132][0m [/sdf/world[@name="test"]/model[@name="vehicle_blue"]/link[@name="right_track_wheel4"]/collision[@name="right_track_wheel4_collision"]/pose[@frame=""]:/home/plume/Desktop/test.sdf:L892]: XML Attribute[frame] in element[pose] not defined in SDF.
[1;33mWarning [Utils.cc:132][0m [/sdf/world[@name="test"]/model[@name="vehicle_blue"]/link[@name="right_track_wheel4"]/visual[@name="right_track_wheel4_visual"]/pose[@frame=""]:/home/plume/Desktop/test.sdf:L912]: XML Attribute[frame] in element[pose] not defined in SDF.
[1;33mWarning [Utils.cc:132][0m [/sdf/world[@name="test"]/model[@name="vehicle_blue"]/link[@name="right_track_wheel5"]/pose[@frame=""]:/home/plume/Desktop/test.sdf:L933]: XML Attribute[frame] in element[pose] not defined in SDF.
[1;33mWarning [Utils.cc:132][0m [/sdf/world[@name="test"]/model[@name="vehicle_blue"]/link[@name="right_track_wheel5"]/collision[@name="right_track_wheel5_collision"]/pose[@frame=""]:/home/plume/Desktop/test.sdf:L946]: XML Attribute[frame] in element[pose] not defined in SDF.
[1;33mWarning [Utils.cc:132][0m [/sdf/world[@name="test"]/model[@name="vehicle_blue"]/link[@name="right_track_wheel5"]/visual[@name="right_track_wheel5_visual"]/pose[@frame=""]:/home/plume/Desktop/test.sdf:L966]: XML Attribute[frame] in element[pose] not defined in SDF.
[1;33mWarning [Utils.cc:132][0m [/sdf/world[@name="test"]/model[@name="vehicle_blue"]/link[@name="right_track_wheel6"]/pose[@frame=""]:/home/plume/Desktop/test.sdf:L987]: XML Attribute[frame] in element[pose] not defined in SDF.
[1;33mWarning [Utils.cc:132][0m [/sdf/world[@name="test"]/model[@name="vehicle_blue"]/link[@name="right_track_wheel6"]/collision[@name="right_track_wheel6_collision"]/pose[@frame=""]:/home/plume/Desktop/test.sdf:L1000]: XML Attribute[frame] in element[pose] not defined in SDF.
[1;33mWarning [Utils.cc:132][0m [/sdf/world[@name="test"]/model[@name="vehicle_blue"]/link[@name="right_track_wheel6"]/visual[@name="right_track_wheel6_visual"]/pose[@frame=""]:/home/plume/Desktop/test.sdf:L1020]: XML Attribute[frame] in element[pose] not defined in SDF.
[1;33mWarning [Utils.cc:132][0m [/sdf/world[@name="test"]/model[@name="vehicle_blue"]/link[@name="right_track_wheel7"]/pose[@frame=""]:/home/plume/Desktop/test.sdf:L1041]: XML Attribute[frame] in element[pose] not defined in SDF.
[1;33mWarning [Utils.cc:132][0m [/sdf/world[@name="test"]/model[@name="vehicle_blue"]/link[@name="right_track_wheel7"]/collision[@name="right_track_wheel7_collision"]/pose[@frame=""]:/home/plume/Desktop/test.sdf:L1054]: XML Attribute[frame] in element[pose] not defined in SDF.
[1;33mWarning [Utils.cc:132][0m [/sdf/world[@name="test"]/model[@name="vehicle_blue"]/link[@name="right_track_wheel7"]/visual[@name="right_track_wheel7_visual"]/pose[@frame=""]:/home/plume/Desktop/test.sdf:L1074]: XML Attribute[frame] in element[pose] not defined in SDF.
[1;33mWarning [Utils.cc:132][0m [/sdf/world[@name="test"]/model[@name="vehicle_blue"]/link[@name="right_track_wheel8"]/pose[@frame=""]:/home/plume/Desktop/test.sdf:L1095]: XML Attribute[frame] in element[pose] not defined in SDF.
[1;33mWarning [Utils.cc:132][0m [/sdf/world[@name="test"]/model[@name="vehicle_blue"]/link[@name="right_track_wheel8"]/collision[@name="right_track_wheel8_collision"]/pose[@frame=""]:/home/plume/Desktop/test.sdf:L1108]: XML Attribute[frame] in element[pose] not defined in SDF.
[1;33mWarning [Utils.cc:132][0m [/sdf/world[@name="test"]/model[@name="vehicle_blue"]/link[@name="right_track_wheel8"]/visual[@name="right_track_wheel8_visual"]/pose[@frame=""]:/home/plume/Desktop/test.sdf:L1128]: XML Attribute[frame] in element[pose] not defined in SDF.
context mismatch in svga_surface_destroy
context mismatch in svga_surface_destroy
context mismatch in svga_surface_destroy
context mismatch in svga_surface_destroy
context mismatch in svga_surface_destroy
context mismatch in svga_surface_destroy
context mismatch in svga_surface_destroy
